[ 2017-11-05T15:16:53+08:00 ] 0.0.0.0 /wysc_mod/admin-rbac-treegridjson.html
INFO: [ app_begin ] --START--
INFO: ReadHtmlCache Behavior ::run [ RunTime:0.001451s ]
INFO: [ app_begin ] --END-- [ RunTime:0.001515s ]
SQL: SHOW COLUMNS FROM `node` [ RunTime:0.017297s ]
SQL: SELECT COUNT(*) AS tp_count FROM `node` WHERE ( pid='0' and level<999 ) LIMIT 1   [ RunTime:0.000336s ]
SQL: SELECT * FROM `node` WHERE ( pid='0' and level<999 )  [ RunTime:0.000222s ]
SQL: SELECT COUNT(*) AS tp_count FROM `node` WHERE ( pid='1' and level<999 ) LIMIT 1   [ RunTime:0.000202s ]
NOTIC: [8] Use of undefined constant id - assumed 'id' C:\Ease\WWW\WWW\wysc_mod\Lib\Model\NodeModel.class.php 第 83 行.
SQL: SELECT COUNT(*) AS tp_count FROM `node` WHERE ( pid='1' and level<999 ) LIMIT 1   [ RunTime:0.000218s ]
SQL: SELECT * FROM `node` WHERE ( pid='1' and level<999 )  [ RunTime:0.000177s ]
SQL: SELECT COUNT(*) AS tp_count FROM `node` WHERE ( pid='47' and level<999 ) LIMIT 1   [ RunTime:0.000277s ]
NOTIC: [8] Use of undefined constant id - assumed 'id' C:\Ease\WWW\WWW\wysc_mod\Lib\Model\NodeModel.class.php 第 83 行.
SQL: SELECT COUNT(*) AS tp_count FROM `node` WHERE ( pid='47' and level<999 ) LIMIT 1   [ RunTime:0.000721s ]
SQL: SELECT * FROM `node` WHERE ( pid='47' and level<999 )  [ RunTime:0.000477s ]
SQL: SELECT COUNT(*) AS tp_count FROM `node` WHERE ( pid='48' and level<999 ) LIMIT 1   [ RunTime:0.000228s ]
SQL: SELECT COUNT(*) AS tp_count FROM `node` WHERE ( pid='49' and level<999 ) LIMIT 1   [ RunTime:0.000190s ]
SQL: SELECT COUNT(*) AS tp_count FROM `node` WHERE ( pid='50' and level<999 ) LIMIT 1   [ RunTime:0.000187s ]
SQL: SELECT COUNT(*) AS tp_count FROM `node` WHERE ( pid='51' and level<999 ) LIMIT 1   [ RunTime:0.000182s ]
SQL: SELECT COUNT(*) AS tp_count FROM `node` WHERE ( pid='52' and level<999 ) LIMIT 1   [ RunTime:0.000182s ]
SQL: SELECT COUNT(*) AS tp_count FROM `node` WHERE ( pid='53' and level<999 ) LIMIT 1   [ RunTime:0.000183s ]
SQL: SELECT COUNT(*) AS tp_count FROM `node` WHERE ( pid='54' and level<999 ) LIMIT 1   [ RunTime:0.000182s ]
SQL: SELECT COUNT(*) AS tp_count FROM `node` WHERE ( pid='55' and level<999 ) LIMIT 1   [ RunTime:0.000183s ]
SQL: SELECT COUNT(*) AS tp_count FROM `node` WHERE ( pid='56' and level<999 ) LIMIT 1   [ RunTime:0.000182s ]
SQL: SELECT COUNT(*) AS tp_count FROM `node` WHERE ( pid='57' and level<999 ) LIMIT 1   [ RunTime:0.000182s ]
SQL: SELECT COUNT(*) AS tp_count FROM `node` WHERE ( pid='58' and level<999 ) LIMIT 1   [ RunTime:0.000181s ]
SQL: SELECT COUNT(*) AS tp_count FROM `node` WHERE ( pid='59' and level<999 ) LIMIT 1   [ RunTime:0.000182s ]
SQL: SELECT COUNT(*) AS tp_count FROM `node` WHERE ( pid='60' and level<999 ) LIMIT 1   [ RunTime:0.000182s ]
SQL: SELECT COUNT(*) AS tp_count FROM `node` WHERE ( pid='61' and level<999 ) LIMIT 1   [ RunTime:0.000183s ]
SQL: SELECT COUNT(*) AS tp_count FROM `node` WHERE ( pid='94' and level<999 ) LIMIT 1   [ RunTime:0.000186s ]
NOTIC: [8] Use of undefined constant id - assumed 'id' C:\Ease\WWW\WWW\wysc_mod\Lib\Model\NodeModel.class.php 第 83 行.
SQL: SELECT COUNT(*) AS tp_count FROM `node` WHERE ( pid='94' and level<999 ) LIMIT 1   [ RunTime:0.000200s ]
SQL: SELECT * FROM `node` WHERE ( pid='94' and level<999 )  [ RunTime:0.000208s ]
SQL: SELECT COUNT(*) AS tp_count FROM `node` WHERE ( pid='95' and level<999 ) LIMIT 1   [ RunTime:0.000187s ]
SQL: SELECT COUNT(*) AS tp_count FROM `node` WHERE ( pid='96' and level<999 ) LIMIT 1   [ RunTime:0.000186s ]
SQL: SELECT COUNT(*) AS tp_count FROM `node` WHERE ( pid='97' and level<999 ) LIMIT 1   [ RunTime:0.000189s ]
SQL: SELECT COUNT(*) AS tp_count FROM `node` WHERE ( pid='2' and level<999 ) LIMIT 1   [ RunTime:0.000189s ]

[ 2017-11-05T16:12:27+08:00 ] 0.0.0.0 /wysc_mod/admin-rbac-treegridjson.html
INFO: [ app_begin ] --START--
INFO: ReadHtmlCache Behavior ::run [ RunTime:0.000765s ]
INFO: [ app_begin ] --END-- [ RunTime:0.000840s ]
SQL: SHOW COLUMNS FROM `node` [ RunTime:0.066530s ]
SQL: SELECT COUNT(*) AS tp_count FROM `node` WHERE ( pid='0' and level<999 ) LIMIT 1   [ RunTime:0.000230s ]
SQL: SELECT * FROM `node` WHERE ( pid='0' and level<999 )  [ RunTime:0.000181s ]
SQL: SELECT COUNT(*) AS tp_count FROM `node` WHERE ( pid='1' and level<999 ) LIMIT 1   [ RunTime:0.000169s ]
NOTIC: [8] Use of undefined constant id - assumed 'id' C:\Ease\WWW\WWW\wysc_mod\Lib\Model\NodeModel.class.php 第 83 行.
SQL: SELECT COUNT(*) AS tp_count FROM `node` WHERE ( pid='1' and level<999 ) LIMIT 1   [ RunTime:0.000168s ]
SQL: SELECT * FROM `node` WHERE ( pid='1' and level<999 )  [ RunTime:0.000195s ]
SQL: SELECT COUNT(*) AS tp_count FROM `node` WHERE ( pid='47' and level<999 ) LIMIT 1   [ RunTime:0.000183s ]
NOTIC: [8] Use of undefined constant id - assumed 'id' C:\Ease\WWW\WWW\wysc_mod\Lib\Model\NodeModel.class.php 第 83 行.
SQL: SELECT COUNT(*) AS tp_count FROM `node` WHERE ( pid='47' and level<999 ) LIMIT 1   [ RunTime:0.000184s ]
SQL: SELECT * FROM `node` WHERE ( pid='47' and level<999 )  [ RunTime:0.000230s ]
SQL: SELECT COUNT(*) AS tp_count FROM `node` WHERE ( pid='48' and level<999 ) LIMIT 1   [ RunTime:0.000197s ]
SQL: SELECT COUNT(*) AS tp_count FROM `node` WHERE ( pid='49' and level<999 ) LIMIT 1   [ RunTime:0.000197s ]
SQL: SELECT COUNT(*) AS tp_count FROM `node` WHERE ( pid='50' and level<999 ) LIMIT 1   [ RunTime:0.000194s ]
SQL: SELECT COUNT(*) AS tp_count FROM `node` WHERE ( pid='51' and level<999 ) LIMIT 1   [ RunTime:0.000194s ]
SQL: SELECT COUNT(*) AS tp_count FROM `node` WHERE ( pid='52' and level<999 ) LIMIT 1   [ RunTime:0.000199s ]
SQL: SELECT COUNT(*) AS tp_count FROM `node` WHERE ( pid='53' and level<999 ) LIMIT 1   [ RunTime:0.000193s ]
SQL: SELECT COUNT(*) AS tp_count FROM `node` WHERE ( pid='54' and level<999 ) LIMIT 1   [ RunTime:0.000240s ]
SQL: SELECT COUNT(*) AS tp_count FROM `node` WHERE ( pid='55' and level<999 ) LIMIT 1   [ RunTime:0.000193s ]
SQL: SELECT COUNT(*) AS tp_count FROM `node` WHERE ( pid='56' and level<999 ) LIMIT 1   [ RunTime:0.000194s ]
SQL: SELECT COUNT(*) AS tp_count FROM `node` WHERE ( pid='57' and level<999 ) LIMIT 1   [ RunTime:0.000210s ]
SQL: SELECT COUNT(*) AS tp_count FROM `node` WHERE ( pid='58' and level<999 ) LIMIT 1   [ RunTime:0.000194s ]
SQL: SELECT COUNT(*) AS tp_count FROM `node` WHERE ( pid='59' and level<999 ) LIMIT 1   [ RunTime:0.000231s ]
SQL: SELECT COUNT(*) AS tp_count FROM `node` WHERE ( pid='60' and level<999 ) LIMIT 1   [ RunTime:0.000201s ]
SQL: SELECT COUNT(*) AS tp_count FROM `node` WHERE ( pid='61' and level<999 ) LIMIT 1   [ RunTime:0.000194s ]
SQL: SELECT COUNT(*) AS tp_count FROM `node` WHERE ( pid='94' and level<999 ) LIMIT 1   [ RunTime:0.000193s ]
NOTIC: [8] Use of undefined constant id - assumed 'id' C:\Ease\WWW\WWW\wysc_mod\Lib\Model\NodeModel.class.php 第 83 行.
SQL: SELECT COUNT(*) AS tp_count FROM `node` WHERE ( pid='94' and level<999 ) LIMIT 1   [ RunTime:0.000198s ]
SQL: SELECT * FROM `node` WHERE ( pid='94' and level<999 )  [ RunTime:0.000202s ]
SQL: SELECT COUNT(*) AS tp_count FROM `node` WHERE ( pid='95' and level<999 ) LIMIT 1   [ RunTime:0.000181s ]
SQL: SELECT COUNT(*) AS tp_count FROM `node` WHERE ( pid='96' and level<999 ) LIMIT 1   [ RunTime:0.000181s ]
SQL: SELECT COUNT(*) AS tp_count FROM `node` WHERE ( pid='97' and level<999 ) LIMIT 1   [ RunTime:0.000178s ]
SQL: SELECT COUNT(*) AS tp_count FROM `node` WHERE ( pid='2' and level<999 ) LIMIT 1   [ RunTime:0.000175s ]

[ 2017-11-05T16:13:23+08:00 ] 0.0.0.0 /wysc_mod/admin-rbac-treegridjson.html
INFO: [ app_begin ] --START--
INFO: ReadHtmlCache Behavior ::run [ RunTime:0.000456s ]
INFO: [ app_begin ] --END-- [ RunTime:0.000497s ]
SQL: SHOW COLUMNS FROM `node` [ RunTime:0.017018s ]
SQL: SELECT COUNT(*) AS tp_count FROM `node` WHERE ( pid='0' and level<999 ) LIMIT 1   [ RunTime:0.000194s ]
SQL: SELECT * FROM `node` WHERE ( pid='0' and level<999 )  [ RunTime:0.000134s ]
SQL: SELECT COUNT(*) AS tp_count FROM `node` WHERE ( pid='1' and level<999 ) LIMIT 1   [ RunTime:0.000098s ]
NOTIC: [8] Use of undefined constant id - assumed 'id' C:\Ease\WWW\WWW\wysc_mod\Lib\Model\NodeModel.class.php 第 83 行.
SQL: SELECT COUNT(*) AS tp_count FROM `node` WHERE ( pid='1' and level<999 ) LIMIT 1   [ RunTime:0.000091s ]
SQL: SELECT * FROM `node` WHERE ( pid='1' and level<999 )  [ RunTime:0.000112s ]
SQL: SELECT COUNT(*) AS tp_count FROM `node` WHERE ( pid='47' and level<999 ) LIMIT 1   [ RunTime:0.000093s ]
NOTIC: [8] Use of undefined constant id - assumed 'id' C:\Ease\WWW\WWW\wysc_mod\Lib\Model\NodeModel.class.php 第 83 行.
SQL: SELECT COUNT(*) AS tp_count FROM `node` WHERE ( pid='47' and level<999 ) LIMIT 1   [ RunTime:0.000092s ]
SQL: SELECT * FROM `node` WHERE ( pid='47' and level<999 )  [ RunTime:0.000121s ]
SQL: SELECT COUNT(*) AS tp_count FROM `node` WHERE ( pid='48' and level<999 ) LIMIT 1   [ RunTime:0.000090s ]
SQL: SELECT COUNT(*) AS tp_count FROM `node` WHERE ( pid='49' and level<999 ) LIMIT 1   [ RunTime:0.000087s ]
SQL: SELECT COUNT(*) AS tp_count FROM `node` WHERE ( pid='50' and level<999 ) LIMIT 1   [ RunTime:0.000085s ]
SQL: SELECT COUNT(*) AS tp_count FROM `node` WHERE ( pid='51' and level<999 ) LIMIT 1   [ RunTime:0.000084s ]
SQL: SELECT COUNT(*) AS tp_count FROM `node` WHERE ( pid='52' and level<999 ) LIMIT 1   [ RunTime:0.000085s ]
SQL: SELECT COUNT(*) AS tp_count FROM `node` WHERE ( pid='53' and level<999 ) LIMIT 1   [ RunTime:0.000084s ]
SQL: SELECT COUNT(*) AS tp_count FROM `node` WHERE ( pid='54' and level<999 ) LIMIT 1   [ RunTime:0.000084s ]
SQL: SELECT COUNT(*) AS tp_count FROM `node` WHERE ( pid='55' and level<999 ) LIMIT 1   [ RunTime:0.000084s ]
SQL: SELECT COUNT(*) AS tp_count FROM `node` WHERE ( pid='56' and level<999 ) LIMIT 1   [ RunTime:0.000096s ]
SQL: SELECT COUNT(*) AS tp_count FROM `node` WHERE ( pid='57' and level<999 ) LIMIT 1   [ RunTime:0.000165s ]
SQL: SELECT COUNT(*) AS tp_count FROM `node` WHERE ( pid='58' and level<999 ) LIMIT 1   [ RunTime:0.000154s ]
SQL: SELECT COUNT(*) AS tp_count FROM `node` WHERE ( pid='59' and level<999 ) LIMIT 1   [ RunTime:0.000158s ]
SQL: SELECT COUNT(*) AS tp_count FROM `node` WHERE ( pid='60' and level<999 ) LIMIT 1   [ RunTime:0.000126s ]
SQL: SELECT COUNT(*) AS tp_count FROM `node` WHERE ( pid='61' and level<999 ) LIMIT 1   [ RunTime:0.000111s ]
SQL: SELECT COUNT(*) AS tp_count FROM `node` WHERE ( pid='94' and level<999 ) LIMIT 1   [ RunTime:0.000110s ]
NOTIC: [8] Use of undefined constant id - assumed 'id' C:\Ease\WWW\WWW\wysc_mod\Lib\Model\NodeModel.class.php 第 83 行.
SQL: SELECT COUNT(*) AS tp_count FROM `node` WHERE ( pid='94' and level<999 ) LIMIT 1   [ RunTime:0.000115s ]
SQL: SELECT * FROM `node` WHERE ( pid='94' and level<999 )  [ RunTime:0.000135s ]
SQL: SELECT COUNT(*) AS tp_count FROM `node` WHERE ( pid='95' and level<999 ) LIMIT 1   [ RunTime:0.000107s ]
SQL: SELECT COUNT(*) AS tp_count FROM `node` WHERE ( pid='96' and level<999 ) LIMIT 1   [ RunTime:0.000109s ]
SQL: SELECT COUNT(*) AS tp_count FROM `node` WHERE ( pid='97' and level<999 ) LIMIT 1   [ RunTime:0.000101s ]
SQL: SELECT COUNT(*) AS tp_count FROM `node` WHERE ( pid='2' and level<999 ) LIMIT 1   [ RunTime:0.000091s ]

[ 2017-11-05T16:13:28+08:00 ] 0.0.0.0 /wysc_mod/index.php?g=Admin&m=Rbac&a=combotreejson&level=2
INFO: [ app_begin ] --START--
INFO: ReadHtmlCache Behavior ::run [ RunTime:0.000576s ]
INFO: [ app_begin ] --END-- [ RunTime:0.000651s ]
SQL: SHOW COLUMNS FROM `node` [ RunTime:0.043767s ]
SQL: SELECT COUNT(*) AS tp_count FROM `node` WHERE ( pid='0' and level<999 ) LIMIT 1   [ RunTime:0.000249s ]
SQL: SELECT * FROM `node` WHERE ( pid='0' and level<999 )  [ RunTime:0.000120s ]
NOTIC: [8] Use of undefined constant id - assumed 'id' C:\Ease\WWW\WWW\wysc_mod\Lib\Model\NodeModel.class.php 第 114 行.
NOTIC: [8] Use of undefined constant id - assumed 'id' C:\Ease\WWW\WWW\wysc_mod\Lib\Model\NodeModel.class.php 第 114 行.
NOTIC: [8] Use of undefined constant text - assumed 'text' C:\Ease\WWW\WWW\wysc_mod\Lib\Model\NodeModel.class.php 第 115 行.
NOTIC: [8] Use of undefined constant title - assumed 'title' C:\Ease\WWW\WWW\wysc_mod\Lib\Model\NodeModel.class.php 第 115 行.
NOTIC: [8] Use of undefined constant iconCls - assumed 'iconCls' C:\Ease\WWW\WWW\wysc_mod\Lib\Model\NodeModel.class.php 第 116 行.
SQL: SELECT COUNT(*) AS tp_count FROM `node` WHERE ( pid='1' and level<2 ) LIMIT 1   [ RunTime:0.000092s ]
NOTIC: [8] Use of undefined constant id - assumed 'id' C:\Ease\WWW\WWW\wysc_mod\Lib\Model\NodeModel.class.php 第 114 行.
NOTIC: [8] Use of undefined constant id - assumed 'id' C:\Ease\WWW\WWW\wysc_mod\Lib\Model\NodeModel.class.php 第 114 行.
NOTIC: [8] Use of undefined constant text - assumed 'text' C:\Ease\WWW\WWW\wysc_mod\Lib\Model\NodeModel.class.php 第 115 行.
NOTIC: [8] Use of undefined constant title - assumed 'title' C:\Ease\WWW\WWW\wysc_mod\Lib\Model\NodeModel.class.php 第 115 行.
NOTIC: [8] Use of undefined constant iconCls - assumed 'iconCls' C:\Ease\WWW\WWW\wysc_mod\Lib\Model\NodeModel.class.php 第 116 行.
SQL: SELECT COUNT(*) AS tp_count FROM `node` WHERE ( pid='2' and level<2 ) LIMIT 1   [ RunTime:0.000096s ]

[ 2017-11-05T16:13:28+08:00 ] 0.0.0.0 /wysc_mod/index.php?g=admin&m=Rbac&a=getallicons&_=1509869608008
INFO: [ app_begin ] --START--
INFO: ReadHtmlCache Behavior ::run [ RunTime:0.000875s ]
INFO: [ app_begin ] --END-- [ RunTime:0.000926s ]
INFO: [ view_parse ] --START--
INFO: ParseTemplate Behavior ::run [ RunTime:0.042015s ]
INFO: [ view_parse ] --END-- [ RunTime:0.042084s ]
INFO: [ view_filter ] --START--
INFO: ContentReplace Behavior ::run [ RunTime:0.002198s ]
INFO: TokenBuild Behavior ::run [ RunTime:0.000758s ]
INFO: WriteHtmlCache Behavior ::run [ RunTime:0.000610s ]
INFO: ShowRuntime Behavior ::run [ RunTime:0.000809s ]
INFO: [ view_filter ] --END-- [ RunTime:0.004499s ]
INFO: [ view_end ] --START--
INFO: ShowPageTrace Behavior ::run [ RunTime:0.001374s ]
INFO: [ view_end ] --END-- [ RunTime:0.001452s ]

